2023-12-05 18:21:42.531 [main] INFO  r.s.homework.HomeworkApplication - Starting HomeworkApplication using Java 17.0.6 on WIN-9V2GMDF0D7M with PID 10584 (C:\Users\user\IdeaProjects\Shop\example-for-graduate-work-main\target\classes started by user in C:\Users\user\IdeaProjects\Shop)
2023-12-05 18:21:42.535 [main] INFO  r.s.homework.HomeworkApplication - No active profile set, falling back to 1 default profile: "default"
2023-12-05 18:21:43.026 [main] INFO  o.s.d.r.c.RepositoryConfigurationDelegate - Bootstrapping Spring Data JPA repositories in DEFAULT mode.
2023-12-05 18:21:43.089 [main] INFO  o.s.d.r.c.RepositoryConfigurationDelegate - Finished Spring Data repository scanning in 56 ms. Found 4 JPA repository interfaces.
2023-12-05 18:21:43.448 [main] INFO  o.s.b.w.e.tomcat.TomcatWebServer - Tomcat initialized with port(s): 8080 (http)
2023-12-05 18:21:43.453 [main] INFO  o.a.coyote.http11.Http11NioProtocol - Initializing ProtocolHandler ["http-nio-8080"]
2023-12-05 18:21:43.455 [main] INFO  o.a.catalina.core.StandardService - Starting service [Tomcat]
2023-12-05 18:21:43.455 [main] INFO  o.a.catalina.core.StandardEngine - Starting Servlet engine: [Apache Tomcat/9.0.79]
2023-12-05 18:21:43.528 [main] INFO  o.a.c.c.C.[Tomcat].[localhost].[/] - Initializing Spring embedded WebApplicationContext
2023-12-05 18:21:43.528 [main] INFO  o.s.b.w.s.c.ServletWebServerApplicationContext - Root WebApplicationContext: initialization completed in 964 ms
2023-12-05 18:21:43.643 [main] INFO  o.f.c.i.license.VersionPrinter - Flyway Community Edition 8.5.13 by Redgate
2023-12-05 18:21:43.643 [main] INFO  o.f.c.i.license.VersionPrinter - See what's new here: https://flywaydb.org/documentation/learnmore/releaseNotes#8.5.13
2023-12-05 18:21:43.643 [main] INFO  o.f.c.i.license.VersionPrinter - 
2023-12-05 18:21:43.772 [main] INFO  o.f.c.i.d.base.BaseDatabaseType - Database: jdbc:postgresql://localhost:5432/shop.db (PostgreSQL 15.3)
2023-12-05 18:21:43.778 [main] WARN  o.f.c.i.database.base.Database - Flyway upgrade recommended: PostgreSQL 15.3 is newer than this version of Flyway and support has not been tested. The latest supported version of PostgreSQL is 14.
2023-12-05 18:21:43.798 [main] INFO  o.f.core.internal.command.DbValidate - Successfully validated 0 migrations (execution time 00:00.009s)
2023-12-05 18:21:43.798 [main] WARN  o.f.core.internal.command.DbValidate - No migrations found. Are your locations set up correctly?
2023-12-05 18:21:43.802 [main] INFO  o.f.core.internal.command.DbMigrate - Current version of schema "public": << Empty Schema >>
2023-12-05 18:21:43.803 [main] INFO  o.f.core.internal.command.DbMigrate - Schema "public" is up to date. No migration necessary.
2023-12-05 18:21:43.871 [main] INFO  o.h.jpa.internal.util.LogHelper - HHH000204: Processing PersistenceUnitInfo [name: default]
2023-12-05 18:21:43.930 [main] INFO  org.hibernate.Version - HHH000412: Hibernate ORM core version 5.6.15.Final
2023-12-05 18:21:44.084 [main] INFO  o.h.annotations.common.Version - HCANN000001: Hibernate Commons Annotations {5.1.2.Final}
2023-12-05 18:21:44.191 [main] INFO  com.zaxxer.hikari.HikariDataSource - HikariPool-1 - Starting...
2023-12-05 18:21:44.256 [main] INFO  com.zaxxer.hikari.HikariDataSource - HikariPool-1 - Start completed.
2023-12-05 18:21:44.288 [main] INFO  org.hibernate.dialect.Dialect - HHH000400: Using dialect: org.hibernate.dialect.PostgreSQL10Dialect
2023-12-05 18:21:44.860 [main] INFO  o.h.e.t.j.p.i.JtaPlatformInitiator - HHH000490: Using JtaPlatform implementation: [org.hibernate.engine.transaction.jta.platform.internal.NoJtaPlatform]
2023-12-05 18:21:44.867 [main] INFO  o.s.o.j.LocalContainerEntityManagerFactoryBean - Initialized JPA EntityManagerFactory for persistence unit 'default'
2023-12-05 18:21:45.310 [main] WARN  o.s.b.a.o.j.JpaBaseConfiguration$JpaWebConfiguration - spring.jpa.open-in-view is enabled by default. Therefore, database queries may be performed during view rendering. Explicitly configure spring.jpa.open-in-view to disable this warning
2023-12-05 18:21:45.611 [main] INFO  o.s.s.web.DefaultSecurityFilterChain - Will secure any request with [org.springframework.security.web.session.DisableEncodeUrlFilter@279e85eb, org.springframework.security.web.context.request.async.WebAsyncManagerIntegrationFilter@4cb59398, org.springframework.security.web.context.SecurityContextPersistenceFilter@7cc7e441, org.springframework.security.web.header.HeaderWriterFilter@64745270, org.springframework.web.filter.CorsFilter@22cf1808, org.springframework.security.web.authentication.logout.LogoutFilter@5478597, org.springframework.security.web.authentication.www.BasicAuthenticationFilter@5d56c2d2, org.springframework.security.web.savedrequest.RequestCacheAwareFilter@64245ca9, org.springframework.security.web.servletapi.SecurityContextHolderAwareRequestFilter@659e003e, org.springframework.security.web.authentication.AnonymousAuthenticationFilter@7156f8cf, org.springframework.security.web.session.SessionManagementFilter@67521a79, org.springframework.security.web.access.ExceptionTranslationFilter@2389f546, org.springframework.security.web.access.intercept.AuthorizationFilter@260fffec]
2023-12-05 18:21:45.745 [main] INFO  o.a.coyote.http11.Http11NioProtocol - Starting ProtocolHandler ["http-nio-8080"]
2023-12-05 18:21:45.758 [main] INFO  o.s.b.w.e.tomcat.TomcatWebServer - Tomcat started on port(s): 8080 (http) with context path ''
2023-12-05 18:21:45.766 [main] INFO  r.s.homework.HomeworkApplication - Started HomeworkApplication in 3.522 seconds (JVM running for 3.959)
2023-12-05 18:27:05.670 [SpringApplicationShutdownHook] INFO  o.s.o.j.LocalContainerEntityManagerFactoryBean - Closing JPA EntityManagerFactory for persistence unit 'default'
2023-12-05 18:27:05.672 [SpringApplicationShutdownHook] INFO  com.zaxxer.hikari.HikariDataSource - HikariPool-1 - Shutdown initiated...
2023-12-05 18:27:05.673 [SpringApplicationShutdownHook] INFO  com.zaxxer.hikari.HikariDataSource - HikariPool-1 - Shutdown completed.
2023-12-05 18:38:34.005 [main] INFO  r.s.homework.HomeworkApplication - Starting HomeworkApplication using Java 17.0.6 on WIN-9V2GMDF0D7M with PID 20272 (C:\Users\user\IdeaProjects\Shop\example-for-graduate-work-main\target\classes started by user in C:\Users\user\IdeaProjects\Shop)
2023-12-05 18:38:34.007 [main] INFO  r.s.homework.HomeworkApplication - No active profile set, falling back to 1 default profile: "default"
2023-12-05 18:38:34.416 [main] INFO  o.s.d.r.c.RepositoryConfigurationDelegate - Bootstrapping Spring Data JPA repositories in DEFAULT mode.
2023-12-05 18:38:34.456 [main] INFO  o.s.d.r.c.RepositoryConfigurationDelegate - Finished Spring Data repository scanning in 36 ms. Found 4 JPA repository interfaces.
2023-12-05 18:38:34.755 [main] INFO  o.s.b.w.e.tomcat.TomcatWebServer - Tomcat initialized with port(s): 8080 (http)
2023-12-05 18:38:34.760 [main] INFO  o.a.coyote.http11.Http11NioProtocol - Initializing ProtocolHandler ["http-nio-8080"]
2023-12-05 18:38:34.760 [main] INFO  o.a.catalina.core.StandardService - Starting service [Tomcat]
2023-12-05 18:38:34.761 [main] INFO  o.a.catalina.core.StandardEngine - Starting Servlet engine: [Apache Tomcat/9.0.79]
2023-12-05 18:38:34.821 [main] INFO  o.a.c.c.C.[Tomcat].[localhost].[/] - Initializing Spring embedded WebApplicationContext
2023-12-05 18:38:34.821 [main] INFO  o.s.b.w.s.c.ServletWebServerApplicationContext - Root WebApplicationContext: initialization completed in 788 ms
2023-12-05 18:38:34.904 [main] INFO  o.f.c.i.license.VersionPrinter - Flyway Community Edition 8.5.13 by Redgate
2023-12-05 18:38:34.904 [main] INFO  o.f.c.i.license.VersionPrinter - See what's new here: https://flywaydb.org/documentation/learnmore/releaseNotes#8.5.13
2023-12-05 18:38:34.904 [main] INFO  o.f.c.i.license.VersionPrinter - 
2023-12-05 18:38:35.008 [main] INFO  o.f.c.i.d.base.BaseDatabaseType - Database: jdbc:postgresql://localhost:5432/shop.db (PostgreSQL 15.3)
2023-12-05 18:38:35.013 [main] WARN  o.f.c.i.database.base.Database - Flyway upgrade recommended: PostgreSQL 15.3 is newer than this version of Flyway and support has not been tested. The latest supported version of PostgreSQL is 14.
2023-12-05 18:38:35.026 [main] INFO  o.f.core.internal.command.DbValidate - Successfully validated 0 migrations (execution time 00:00.006s)
2023-12-05 18:38:35.027 [main] WARN  o.f.core.internal.command.DbValidate - No migrations found. Are your locations set up correctly?
2023-12-05 18:38:35.032 [main] INFO  o.f.core.internal.command.DbMigrate - Current version of schema "public": << Empty Schema >>
2023-12-05 18:38:35.033 [main] INFO  o.f.core.internal.command.DbMigrate - Schema "public" is up to date. No migration necessary.
2023-12-05 18:38:35.099 [main] INFO  o.h.jpa.internal.util.LogHelper - HHH000204: Processing PersistenceUnitInfo [name: default]
2023-12-05 18:38:35.129 [main] INFO  org.hibernate.Version - HHH000412: Hibernate ORM core version 5.6.15.Final
2023-12-05 18:38:35.229 [main] INFO  o.h.annotations.common.Version - HCANN000001: Hibernate Commons Annotations {5.1.2.Final}
2023-12-05 18:38:35.292 [main] INFO  com.zaxxer.hikari.HikariDataSource - HikariPool-1 - Starting...
2023-12-05 18:38:35.333 [main] INFO  com.zaxxer.hikari.HikariDataSource - HikariPool-1 - Start completed.
2023-12-05 18:38:35.352 [main] INFO  org.hibernate.dialect.Dialect - HHH000400: Using dialect: org.hibernate.dialect.PostgreSQL10Dialect
2023-12-05 18:38:35.775 [main] INFO  o.h.e.t.j.p.i.JtaPlatformInitiator - HHH000490: Using JtaPlatform implementation: [org.hibernate.engine.transaction.jta.platform.internal.NoJtaPlatform]
2023-12-05 18:38:35.783 [main] INFO  o.s.o.j.LocalContainerEntityManagerFactoryBean - Initialized JPA EntityManagerFactory for persistence unit 'default'
2023-12-05 18:38:36.180 [main] WARN  o.s.b.a.o.j.JpaBaseConfiguration$JpaWebConfiguration - spring.jpa.open-in-view is enabled by default. Therefore, database queries may be performed during view rendering. Explicitly configure spring.jpa.open-in-view to disable this warning
2023-12-05 18:38:36.466 [main] INFO  o.s.s.web.DefaultSecurityFilterChain - Will secure any request with [org.springframework.security.web.session.DisableEncodeUrlFilter@256d8f17, org.springframework.security.web.context.request.async.WebAsyncManagerIntegrationFilter@2319c1e0, org.springframework.security.web.context.SecurityContextPersistenceFilter@684bfba9, org.springframework.security.web.header.HeaderWriterFilter@7d12fb85, org.springframework.web.filter.CorsFilter@659e003e, org.springframework.security.web.authentication.logout.LogoutFilter@7f9b851c, org.springframework.security.web.authentication.www.BasicAuthenticationFilter@bb1b872, org.springframework.security.web.savedrequest.RequestCacheAwareFilter@6859bbd4, org.springframework.security.web.servletapi.SecurityContextHolderAwareRequestFilter@6d77d269, org.springframework.security.web.authentication.AnonymousAuthenticationFilter@5f3c866c, org.springframework.security.web.session.SessionManagementFilter@be186df, org.springframework.security.web.access.ExceptionTranslationFilter@12948e7a, org.springframework.security.web.access.intercept.AuthorizationFilter@58b30e3e]
2023-12-05 18:38:36.602 [main] INFO  o.a.coyote.http11.Http11NioProtocol - Starting ProtocolHandler ["http-nio-8080"]
2023-12-05 18:38:36.618 [main] INFO  o.s.b.w.e.tomcat.TomcatWebServer - Tomcat started on port(s): 8080 (http) with context path ''
2023-12-05 18:38:36.625 [main] INFO  r.s.homework.HomeworkApplication - Started HomeworkApplication in 2.869 seconds (JVM running for 3.201)
2023-12-05 18:38:40.189 [SpringApplicationShutdownHook] INFO  o.s.o.j.LocalContainerEntityManagerFactoryBean - Closing JPA EntityManagerFactory for persistence unit 'default'
2023-12-05 18:38:40.190 [SpringApplicationShutdownHook] INFO  com.zaxxer.hikari.HikariDataSource - HikariPool-1 - Shutdown initiated...
2023-12-05 18:38:40.191 [SpringApplicationShutdownHook] INFO  com.zaxxer.hikari.HikariDataSource - HikariPool-1 - Shutdown completed.
2023-12-05 18:49:21.931 [main] INFO  r.s.homework.HomeworkApplication - Starting HomeworkApplication using Java 17.0.6 on WIN-9V2GMDF0D7M with PID 21884 (C:\Users\user\IdeaProjects\Shop\example-for-graduate-work-main\target\classes started by user in C:\Users\user\IdeaProjects\Shop)
2023-12-05 18:49:21.933 [main] INFO  r.s.homework.HomeworkApplication - No active profile set, falling back to 1 default profile: "default"
2023-12-05 18:49:22.330 [main] INFO  o.s.d.r.c.RepositoryConfigurationDelegate - Bootstrapping Spring Data JPA repositories in DEFAULT mode.
2023-12-05 18:49:22.372 [main] INFO  o.s.d.r.c.RepositoryConfigurationDelegate - Finished Spring Data repository scanning in 36 ms. Found 4 JPA repository interfaces.
2023-12-05 18:49:22.682 [main] INFO  o.s.b.w.e.tomcat.TomcatWebServer - Tomcat initialized with port(s): 8080 (http)
2023-12-05 18:49:22.686 [main] INFO  o.a.coyote.http11.Http11NioProtocol - Initializing ProtocolHandler ["http-nio-8080"]
2023-12-05 18:49:22.687 [main] INFO  o.a.catalina.core.StandardService - Starting service [Tomcat]
2023-12-05 18:49:22.687 [main] INFO  o.a.catalina.core.StandardEngine - Starting Servlet engine: [Apache Tomcat/9.0.79]
2023-12-05 18:49:22.747 [main] INFO  o.a.c.c.C.[Tomcat].[localhost].[/] - Initializing Spring embedded WebApplicationContext
2023-12-05 18:49:22.748 [main] INFO  o.s.b.w.s.c.ServletWebServerApplicationContext - Root WebApplicationContext: initialization completed in 790 ms
2023-12-05 18:49:22.833 [main] INFO  o.f.c.i.license.VersionPrinter - Flyway Community Edition 8.5.13 by Redgate
2023-12-05 18:49:22.833 [main] INFO  o.f.c.i.license.VersionPrinter - See what's new here: https://flywaydb.org/documentation/learnmore/releaseNotes#8.5.13
2023-12-05 18:49:22.833 [main] INFO  o.f.c.i.license.VersionPrinter - 
2023-12-05 18:49:22.930 [main] INFO  o.f.c.i.d.base.BaseDatabaseType - Database: jdbc:postgresql://localhost:5432/shop.db (PostgreSQL 15.3)
2023-12-05 18:49:22.934 [main] WARN  o.f.c.i.database.base.Database - Flyway upgrade recommended: PostgreSQL 15.3 is newer than this version of Flyway and support has not been tested. The latest supported version of PostgreSQL is 14.
2023-12-05 18:49:22.946 [main] INFO  o.f.core.internal.command.DbValidate - Successfully validated 0 migrations (execution time 00:00.006s)
2023-12-05 18:49:22.946 [main] WARN  o.f.core.internal.command.DbValidate - No migrations found. Are your locations set up correctly?
2023-12-05 18:49:22.950 [main] INFO  o.f.core.internal.command.DbMigrate - Current version of schema "public": << Empty Schema >>
2023-12-05 18:49:22.951 [main] INFO  o.f.core.internal.command.DbMigrate - Schema "public" is up to date. No migration necessary.
2023-12-05 18:49:23.007 [main] INFO  o.h.jpa.internal.util.LogHelper - HHH000204: Processing PersistenceUnitInfo [name: default]
2023-12-05 18:49:23.036 [main] INFO  org.hibernate.Version - HHH000412: Hibernate ORM core version 5.6.15.Final
2023-12-05 18:49:23.133 [main] INFO  o.h.annotations.common.Version - HCANN000001: Hibernate Commons Annotations {5.1.2.Final}
2023-12-05 18:49:23.193 [main] INFO  com.zaxxer.hikari.HikariDataSource - HikariPool-1 - Starting...
2023-12-05 18:49:23.233 [main] INFO  com.zaxxer.hikari.HikariDataSource - HikariPool-1 - Start completed.
2023-12-05 18:49:23.252 [main] INFO  org.hibernate.dialect.Dialect - HHH000400: Using dialect: org.hibernate.dialect.PostgreSQL10Dialect
2023-12-05 18:49:23.680 [main] INFO  o.h.e.t.j.p.i.JtaPlatformInitiator - HHH000490: Using JtaPlatform implementation: [org.hibernate.engine.transaction.jta.platform.internal.NoJtaPlatform]
2023-12-05 18:49:23.687 [main] INFO  o.s.o.j.LocalContainerEntityManagerFactoryBean - Initialized JPA EntityManagerFactory for persistence unit 'default'
2023-12-05 18:49:24.093 [main] WARN  o.s.b.a.o.j.JpaBaseConfiguration$JpaWebConfiguration - spring.jpa.open-in-view is enabled by default. Therefore, database queries may be performed during view rendering. Explicitly configure spring.jpa.open-in-view to disable this warning
2023-12-05 18:49:24.386 [main] INFO  o.s.s.web.DefaultSecurityFilterChain - Will secure any request with [org.springframework.security.web.session.DisableEncodeUrlFilter@7fa86ddd, org.springframework.security.web.context.request.async.WebAsyncManagerIntegrationFilter@1e9f6095, org.springframework.security.web.context.SecurityContextPersistenceFilter@5325674a, org.springframework.security.web.header.HeaderWriterFilter@7a023e34, org.springframework.web.filter.CorsFilter@3f465ae, org.springframework.security.web.authentication.logout.LogoutFilter@e21d73, org.springframework.security.web.authentication.www.BasicAuthenticationFilter@4d359c69, org.springframework.security.web.savedrequest.RequestCacheAwareFilter@630bd5e7, org.springframework.security.web.servletapi.SecurityContextHolderAwareRequestFilter@596d17f4, org.springframework.security.web.authentication.AnonymousAuthenticationFilter@c770b57, org.springframework.security.web.session.SessionManagementFilter@2b625e82, org.springframework.security.web.access.ExceptionTranslationFilter@63541cd4, org.springframework.security.web.access.intercept.AuthorizationFilter@64836643]
2023-12-05 18:49:24.514 [main] INFO  o.a.coyote.http11.Http11NioProtocol - Starting ProtocolHandler ["http-nio-8080"]
2023-12-05 18:49:24.530 [main] INFO  o.s.b.w.e.tomcat.TomcatWebServer - Tomcat started on port(s): 8080 (http) with context path ''
2023-12-05 18:49:24.540 [main] INFO  r.s.homework.HomeworkApplication - Started HomeworkApplication in 2.857 seconds (JVM running for 3.214)
2023-12-05 18:54:25.752 [SpringApplicationShutdownHook] INFO  o.s.o.j.LocalContainerEntityManagerFactoryBean - Closing JPA EntityManagerFactory for persistence unit 'default'
2023-12-05 18:54:25.752 [SpringApplicationShutdownHook] INFO  com.zaxxer.hikari.HikariDataSource - HikariPool-1 - Shutdown initiated...
2023-12-05 18:54:25.754 [SpringApplicationShutdownHook] INFO  com.zaxxer.hikari.HikariDataSource - HikariPool-1 - Shutdown completed.
2023-12-05 18:55:46.507 [main] INFO  r.s.homework.HomeworkApplication - Starting HomeworkApplication using Java 17.0.6 on WIN-9V2GMDF0D7M with PID 23740 (C:\Users\user\IdeaProjects\Shop\example-for-graduate-work-main\target\classes started by user in C:\Users\user\IdeaProjects\Shop)
2023-12-05 18:55:46.509 [main] INFO  r.s.homework.HomeworkApplication - No active profile set, falling back to 1 default profile: "default"
2023-12-05 18:55:46.903 [main] INFO  o.s.d.r.c.RepositoryConfigurationDelegate - Bootstrapping Spring Data JPA repositories in DEFAULT mode.
2023-12-05 18:55:46.943 [main] INFO  o.s.d.r.c.RepositoryConfigurationDelegate - Finished Spring Data repository scanning in 34 ms. Found 4 JPA repository interfaces.
2023-12-05 18:55:47.239 [main] INFO  o.s.b.w.e.tomcat.TomcatWebServer - Tomcat initialized with port(s): 8080 (http)
2023-12-05 18:55:47.243 [main] INFO  o.a.coyote.http11.Http11NioProtocol - Initializing ProtocolHandler ["http-nio-8080"]
2023-12-05 18:55:47.244 [main] INFO  o.a.catalina.core.StandardService - Starting service [Tomcat]
2023-12-05 18:55:47.244 [main] INFO  o.a.catalina.core.StandardEngine - Starting Servlet engine: [Apache Tomcat/9.0.79]
2023-12-05 18:55:47.305 [main] INFO  o.a.c.c.C.[Tomcat].[localhost].[/] - Initializing Spring embedded WebApplicationContext
2023-12-05 18:55:47.305 [main] INFO  o.s.b.w.s.c.ServletWebServerApplicationContext - Root WebApplicationContext: initialization completed in 769 ms
2023-12-05 18:55:47.391 [main] INFO  o.f.c.i.license.VersionPrinter - Flyway Community Edition 8.5.13 by Redgate
2023-12-05 18:55:47.391 [main] INFO  o.f.c.i.license.VersionPrinter - See what's new here: https://flywaydb.org/documentation/learnmore/releaseNotes#8.5.13
2023-12-05 18:55:47.391 [main] INFO  o.f.c.i.license.VersionPrinter - 
2023-12-05 18:55:47.494 [main] INFO  o.f.c.i.d.base.BaseDatabaseType - Database: jdbc:postgresql://localhost:5432/shop.db (PostgreSQL 15.3)
2023-12-05 18:55:47.499 [main] WARN  o.f.c.i.database.base.Database - Flyway upgrade recommended: PostgreSQL 15.3 is newer than this version of Flyway and support has not been tested. The latest supported version of PostgreSQL is 14.
2023-12-05 18:55:47.511 [main] INFO  o.f.core.internal.command.DbValidate - Successfully validated 0 migrations (execution time 00:00.006s)
2023-12-05 18:55:47.512 [main] WARN  o.f.core.internal.command.DbValidate - No migrations found. Are your locations set up correctly?
2023-12-05 18:55:47.516 [main] INFO  o.f.core.internal.command.DbMigrate - Current version of schema "public": << Empty Schema >>
2023-12-05 18:55:47.516 [main] INFO  o.f.core.internal.command.DbMigrate - Schema "public" is up to date. No migration necessary.
2023-12-05 18:55:47.573 [main] INFO  o.h.jpa.internal.util.LogHelper - HHH000204: Processing PersistenceUnitInfo [name: default]
2023-12-05 18:55:47.600 [main] INFO  org.hibernate.Version - HHH000412: Hibernate ORM core version 5.6.15.Final
2023-12-05 18:55:47.695 [main] INFO  o.h.annotations.common.Version - HCANN000001: Hibernate Commons Annotations {5.1.2.Final}
2023-12-05 18:55:47.754 [main] INFO  com.zaxxer.hikari.HikariDataSource - HikariPool-1 - Starting...
2023-12-05 18:55:47.795 [main] INFO  com.zaxxer.hikari.HikariDataSource - HikariPool-1 - Start completed.
2023-12-05 18:55:47.813 [main] INFO  org.hibernate.dialect.Dialect - HHH000400: Using dialect: org.hibernate.dialect.PostgreSQL10Dialect
2023-12-05 18:55:48.240 [main] INFO  o.h.e.t.j.p.i.JtaPlatformInitiator - HHH000490: Using JtaPlatform implementation: [org.hibernate.engine.transaction.jta.platform.internal.NoJtaPlatform]
2023-12-05 18:55:48.247 [main] INFO  o.s.o.j.LocalContainerEntityManagerFactoryBean - Initialized JPA EntityManagerFactory for persistence unit 'default'
2023-12-05 18:55:48.667 [main] WARN  o.s.b.a.o.j.JpaBaseConfiguration$JpaWebConfiguration - spring.jpa.open-in-view is enabled by default. Therefore, database queries may be performed during view rendering. Explicitly configure spring.jpa.open-in-view to disable this warning
2023-12-05 18:55:48.954 [main] INFO  o.s.s.web.DefaultSecurityFilterChain - Will secure any request with [org.springframework.security.web.session.DisableEncodeUrlFilter@74ed7111, org.springframework.security.web.context.request.async.WebAsyncManagerIntegrationFilter@74691677, org.springframework.security.web.context.SecurityContextPersistenceFilter@c3a1d7f, org.springframework.security.web.header.HeaderWriterFilter@3b8a063d, org.springframework.web.filter.CorsFilter@3314f179, org.springframework.security.web.authentication.logout.LogoutFilter@63d14dbf, org.springframework.security.web.authentication.www.BasicAuthenticationFilter@42684d86, org.springframework.security.web.savedrequest.RequestCacheAwareFilter@2111d7b9, org.springframework.security.web.servletapi.SecurityContextHolderAwareRequestFilter@4afdb05e, org.springframework.security.web.authentication.AnonymousAuthenticationFilter@1abd1a28, org.springframework.security.web.session.SessionManagementFilter@8cce9ad, org.springframework.security.web.access.ExceptionTranslationFilter@3180131e, org.springframework.security.web.access.intercept.AuthorizationFilter@2319c1e0]
2023-12-05 18:55:49.082 [main] INFO  o.a.coyote.http11.Http11NioProtocol - Starting ProtocolHandler ["http-nio-8080"]
2023-12-05 18:55:49.099 [main] INFO  o.s.b.w.e.tomcat.TomcatWebServer - Tomcat started on port(s): 8080 (http) with context path ''
2023-12-05 18:55:49.108 [main] INFO  r.s.homework.HomeworkApplication - Started HomeworkApplication in 2.854 seconds (JVM running for 3.181)
2023-12-05 19:37:38.439 [SpringApplicationShutdownHook] INFO  o.s.o.j.LocalContainerEntityManagerFactoryBean - Closing JPA EntityManagerFactory for persistence unit 'default'
2023-12-05 19:37:38.440 [SpringApplicationShutdownHook] INFO  com.zaxxer.hikari.HikariDataSource - HikariPool-1 - Shutdown initiated...
2023-12-05 19:37:38.441 [SpringApplicationShutdownHook] INFO  com.zaxxer.hikari.HikariDataSource - HikariPool-1 - Shutdown completed.
2023-12-05 20:14:16.183 [main] INFO  r.s.homework.HomeworkApplication - Starting HomeworkApplication using Java 17.0.6 on WIN-9V2GMDF0D7M with PID 8148 (C:\Users\user\IdeaProjects\Shop\example-for-graduate-work-main\target\classes started by user in C:\Users\user\IdeaProjects\Shop)
2023-12-05 20:14:16.185 [main] INFO  r.s.homework.HomeworkApplication - No active profile set, falling back to 1 default profile: "default"
2023-12-05 20:14:16.597 [main] INFO  o.s.d.r.c.RepositoryConfigurationDelegate - Bootstrapping Spring Data JPA repositories in DEFAULT mode.
2023-12-05 20:14:16.640 [main] INFO  o.s.d.r.c.RepositoryConfigurationDelegate - Finished Spring Data repository scanning in 37 ms. Found 4 JPA repository interfaces.
2023-12-05 20:14:16.940 [main] INFO  o.s.b.w.e.tomcat.TomcatWebServer - Tomcat initialized with port(s): 8080 (http)
2023-12-05 20:14:16.945 [main] INFO  o.a.coyote.http11.Http11NioProtocol - Initializing ProtocolHandler ["http-nio-8080"]
2023-12-05 20:14:16.946 [main] INFO  o.a.catalina.core.StandardService - Starting service [Tomcat]
2023-12-05 20:14:16.946 [main] INFO  o.a.catalina.core.StandardEngine - Starting Servlet engine: [Apache Tomcat/9.0.79]
2023-12-05 20:14:17.010 [main] INFO  o.a.c.c.C.[Tomcat].[localhost].[/] - Initializing Spring embedded WebApplicationContext
2023-12-05 20:14:17.010 [main] INFO  o.s.b.w.s.c.ServletWebServerApplicationContext - Root WebApplicationContext: initialization completed in 799 ms
2023-12-05 20:14:17.100 [main] INFO  o.f.c.i.license.VersionPrinter - Flyway Community Edition 8.5.13 by Redgate
2023-12-05 20:14:17.100 [main] INFO  o.f.c.i.license.VersionPrinter - See what's new here: https://flywaydb.org/documentation/learnmore/releaseNotes#8.5.13
2023-12-05 20:14:17.100 [main] INFO  o.f.c.i.license.VersionPrinter - 
2023-12-05 20:14:17.213 [main] INFO  o.f.c.i.d.base.BaseDatabaseType - Database: jdbc:postgresql://localhost:5432/shop.db (PostgreSQL 15.3)
2023-12-05 20:14:17.217 [main] WARN  o.f.c.i.database.base.Database - Flyway upgrade recommended: PostgreSQL 15.3 is newer than this version of Flyway and support has not been tested. The latest supported version of PostgreSQL is 14.
2023-12-05 20:14:17.230 [main] INFO  o.f.core.internal.command.DbValidate - Successfully validated 0 migrations (execution time 00:00.007s)
2023-12-05 20:14:17.230 [main] WARN  o.f.core.internal.command.DbValidate - No migrations found. Are your locations set up correctly?
2023-12-05 20:14:17.234 [main] INFO  o.f.core.internal.command.DbMigrate - Current version of schema "public": << Empty Schema >>
2023-12-05 20:14:17.235 [main] INFO  o.f.core.internal.command.DbMigrate - Schema "public" is up to date. No migration necessary.
2023-12-05 20:14:17.292 [main] INFO  o.h.jpa.internal.util.LogHelper - HHH000204: Processing PersistenceUnitInfo [name: default]
2023-12-05 20:14:17.322 [main] INFO  org.hibernate.Version - HHH000412: Hibernate ORM core version 5.6.15.Final
2023-12-05 20:14:17.421 [main] INFO  o.h.annotations.common.Version - HCANN000001: Hibernate Commons Annotations {5.1.2.Final}
2023-12-05 20:14:17.484 [main] INFO  com.zaxxer.hikari.HikariDataSource - HikariPool-1 - Starting...
2023-12-05 20:14:17.526 [main] INFO  com.zaxxer.hikari.HikariDataSource - HikariPool-1 - Start completed.
2023-12-05 20:14:17.546 [main] INFO  org.hibernate.dialect.Dialect - HHH000400: Using dialect: org.hibernate.dialect.PostgreSQL10Dialect
2023-12-05 20:14:17.981 [main] INFO  o.h.e.t.j.p.i.JtaPlatformInitiator - HHH000490: Using JtaPlatform implementation: [org.hibernate.engine.transaction.jta.platform.internal.NoJtaPlatform]
2023-12-05 20:14:17.988 [main] INFO  o.s.o.j.LocalContainerEntityManagerFactoryBean - Initialized JPA EntityManagerFactory for persistence unit 'default'
2023-12-05 20:14:18.393 [main] WARN  o.s.b.a.o.j.JpaBaseConfiguration$JpaWebConfiguration - spring.jpa.open-in-view is enabled by default. Therefore, database queries may be performed during view rendering. Explicitly configure spring.jpa.open-in-view to disable this warning
2023-12-05 20:14:18.684 [main] INFO  o.s.s.web.DefaultSecurityFilterChain - Will secure any request with [org.springframework.security.web.session.DisableEncodeUrlFilter@28f6a008, org.springframework.security.web.context.request.async.WebAsyncManagerIntegrationFilter@71dfca65, org.springframework.security.web.context.SecurityContextPersistenceFilter@22657db1, org.springframework.security.web.header.HeaderWriterFilter@63541cd4, org.springframework.web.filter.CorsFilter@7fa86ddd, org.springframework.security.web.authentication.logout.LogoutFilter@46ab8e4b, org.springframework.security.web.authentication.www.BasicAuthenticationFilter@260fffec, org.springframework.security.web.savedrequest.RequestCacheAwareFilter@5325674a, org.springframework.security.web.servletapi.SecurityContextHolderAwareRequestFilter@5b6ec94a, org.springframework.security.web.authentication.AnonymousAuthenticationFilter@1e9f6095, org.springframework.security.web.session.SessionManagementFilter@5ef48b08, org.springframework.security.web.access.ExceptionTranslationFilter@5ce0f50a, org.springframework.security.web.access.intercept.AuthorizationFilter@89178b4]
2023-12-05 20:14:18.817 [main] INFO  o.a.coyote.http11.Http11NioProtocol - Starting ProtocolHandler ["http-nio-8080"]
2023-12-05 20:14:18.832 [main] INFO  o.s.b.w.e.tomcat.TomcatWebServer - Tomcat started on port(s): 8080 (http) with context path ''
2023-12-05 20:14:18.839 [main] INFO  r.s.homework.HomeworkApplication - Started HomeworkApplication in 2.913 seconds (JVM running for 3.257)
2023-12-05 20:14:47.509 [http-nio-8080-exec-2] INFO  o.a.c.c.C.[Tomcat].[localhost].[/] - Initializing Spring DispatcherServlet 'dispatcherServlet'
2023-12-05 20:14:47.510 [http-nio-8080-exec-2] INFO  o.s.web.servlet.DispatcherServlet - Initializing Servlet 'dispatcherServlet'
2023-12-05 20:14:47.510 [http-nio-8080-exec-2] INFO  o.s.web.servlet.DispatcherServlet - Completed initialization in 0 ms
2023-12-05 20:14:47.554 [http-nio-8080-exec-2] INFO  r.s.h.service.impl.ImageServiceImpl - ImageServiceImpl : ->getById
2023-12-05 20:14:47.554 [http-nio-8080-exec-3] INFO  r.s.h.service.impl.ImageServiceImpl - ImageServiceImpl : ->getById
2023-12-05 20:14:47.554 [http-nio-8080-exec-7] INFO  r.s.h.service.impl.ImageServiceImpl - ImageServiceImpl : ->getById
2023-12-05 20:14:47.554 [http-nio-8080-exec-6] INFO  r.s.h.service.impl.ImageServiceImpl - ImageServiceImpl : ->getById
2023-12-05 20:14:47.576 [http-nio-8080-exec-3] INFO  r.s.h.service.impl.ImageServiceImpl - ImageServiceImpl : <- getById
2023-12-05 20:14:47.576 [http-nio-8080-exec-2] INFO  r.s.h.service.impl.ImageServiceImpl - ImageServiceImpl : <- getById
2023-12-05 20:14:47.576 [http-nio-8080-exec-6] INFO  r.s.h.service.impl.ImageServiceImpl - ImageServiceImpl : <- getById
2023-12-05 20:14:47.576 [http-nio-8080-exec-7] INFO  r.s.h.service.impl.ImageServiceImpl - ImageServiceImpl : <- getById
2023-12-05 20:14:48.250 [http-nio-8080-exec-5] INFO  r.s.h.service.impl.ImageServiceImpl - ImageServiceImpl : ->getById
2023-12-05 20:14:48.250 [http-nio-8080-exec-1] INFO  r.s.h.service.impl.ImageServiceImpl - ImageServiceImpl : ->getById
2023-12-05 20:14:48.250 [http-nio-8080-exec-4] INFO  r.s.h.service.impl.ImageServiceImpl - ImageServiceImpl : ->getById
2023-12-05 20:14:48.250 [http-nio-8080-exec-7] INFO  r.s.h.service.impl.ImageServiceImpl - ImageServiceImpl : ->getById
2023-12-05 20:14:48.251 [http-nio-8080-exec-1] INFO  r.s.h.service.impl.ImageServiceImpl - ImageServiceImpl : <- getById
2023-12-05 20:14:48.252 [http-nio-8080-exec-5] INFO  r.s.h.service.impl.ImageServiceImpl - ImageServiceImpl : <- getById
2023-12-05 20:14:48.252 [http-nio-8080-exec-7] INFO  r.s.h.service.impl.ImageServiceImpl - ImageServiceImpl : <- getById
2023-12-05 20:14:48.255 [http-nio-8080-exec-4] INFO  r.s.h.service.impl.ImageServiceImpl - ImageServiceImpl : <- getById
2023-12-05 20:15:20.453 [http-nio-8080-exec-2] INFO  r.s.h.service.impl.ImageServiceImpl - ImageServiceImpl : ->getById
2023-12-05 20:15:20.453 [http-nio-8080-exec-3] INFO  r.s.h.service.impl.ImageServiceImpl - ImageServiceImpl : ->getById
2023-12-05 20:15:20.454 [http-nio-8080-exec-2] INFO  r.s.h.service.impl.ImageServiceImpl - ImageServiceImpl : <- getById
2023-12-05 20:15:20.467 [http-nio-8080-exec-8] INFO  r.s.h.service.impl.ImageServiceImpl - ImageServiceImpl : ->getById
2023-12-05 20:15:20.467 [http-nio-8080-exec-5] INFO  r.s.h.service.impl.ImageServiceImpl - ImageServiceImpl : ->getById
2023-12-05 20:15:20.467 [http-nio-8080-exec-3] INFO  r.s.h.service.impl.ImageServiceImpl - ImageServiceImpl : <- getById
2023-12-05 20:15:20.470 [http-nio-8080-exec-5] INFO  r.s.h.service.impl.ImageServiceImpl - ImageServiceImpl : <- getById
2023-12-05 20:15:20.471 [http-nio-8080-exec-8] INFO  r.s.h.service.impl.ImageServiceImpl - ImageServiceImpl : <- getById
2023-12-05 20:15:21.040 [http-nio-8080-exec-2] INFO  r.s.h.service.impl.ImageServiceImpl - ImageServiceImpl : ->getById
2023-12-05 20:15:21.040 [http-nio-8080-exec-1] INFO  r.s.h.service.impl.ImageServiceImpl - ImageServiceImpl : ->getById
2023-12-05 20:15:21.040 [http-nio-8080-exec-4] INFO  r.s.h.service.impl.ImageServiceImpl - ImageServiceImpl : ->getById
2023-12-05 20:15:21.040 [http-nio-8080-exec-7] INFO  r.s.h.service.impl.ImageServiceImpl - ImageServiceImpl : ->getById
2023-12-05 20:15:21.041 [http-nio-8080-exec-1] INFO  r.s.h.service.impl.ImageServiceImpl - ImageServiceImpl : <- getById
2023-12-05 20:15:21.042 [http-nio-8080-exec-4] INFO  r.s.h.service.impl.ImageServiceImpl - ImageServiceImpl : <- getById
2023-12-05 20:15:21.042 [http-nio-8080-exec-2] INFO  r.s.h.service.impl.ImageServiceImpl - ImageServiceImpl : <- getById
2023-12-05 20:15:21.045 [http-nio-8080-exec-7] INFO  r.s.h.service.impl.ImageServiceImpl - ImageServiceImpl : <- getById
2023-12-05 20:15:23.260 [http-nio-8080-exec-9] INFO  r.s.h.service.impl.ImageServiceImpl - ImageServiceImpl : ->getById
2023-12-05 20:15:23.264 [http-nio-8080-exec-9] INFO  r.s.h.service.impl.ImageServiceImpl - ImageServiceImpl : <- getById
2023-12-05 20:15:23.274 [http-nio-8080-exec-6] INFO  r.s.h.service.impl.ImageServiceImpl - ImageServiceImpl : ->getById
2023-12-05 20:15:23.278 [http-nio-8080-exec-6] INFO  r.s.h.service.impl.ImageServiceImpl - ImageServiceImpl : <- getById
2023-12-05 20:15:27.115 [http-nio-8080-exec-2] INFO  r.s.h.service.impl.ImageServiceImpl - ImageServiceImpl : ->getById
2023-12-05 20:15:27.115 [http-nio-8080-exec-1] INFO  r.s.h.service.impl.ImageServiceImpl - ImageServiceImpl : ->getById
2023-12-05 20:15:27.117 [http-nio-8080-exec-7] INFO  r.s.h.service.impl.ImageServiceImpl - ImageServiceImpl : ->getById
2023-12-05 20:15:27.117 [http-nio-8080-exec-3] INFO  r.s.h.service.impl.ImageServiceImpl - ImageServiceImpl : ->getById
2023-12-05 20:15:27.117 [http-nio-8080-exec-1] INFO  r.s.h.service.impl.ImageServiceImpl - ImageServiceImpl : <- getById
2023-12-05 20:15:27.117 [http-nio-8080-exec-2] INFO  r.s.h.service.impl.ImageServiceImpl - ImageServiceImpl : <- getById
2023-12-05 20:15:27.118 [http-nio-8080-exec-7] INFO  r.s.h.service.impl.ImageServiceImpl - ImageServiceImpl : <- getById
2023-12-05 20:15:27.119 [http-nio-8080-exec-3] INFO  r.s.h.service.impl.ImageServiceImpl - ImageServiceImpl : <- getById
2023-12-05 20:15:27.178 [http-nio-8080-exec-5] INFO  r.s.h.service.impl.ImageServiceImpl - ImageServiceImpl : ->getById
2023-12-05 20:15:27.183 [http-nio-8080-exec-5] INFO  r.s.h.service.impl.ImageServiceImpl - ImageServiceImpl : <- getById
2023-12-05 20:15:27.257 [http-nio-8080-exec-10] INFO  r.s.h.service.impl.ImageServiceImpl - ImageServiceImpl : ->getById
2023-12-05 20:15:27.261 [http-nio-8080-exec-10] INFO  r.s.h.service.impl.ImageServiceImpl - ImageServiceImpl : <- getById
2023-12-05 20:15:33.301 [http-nio-8080-exec-1] INFO  r.s.h.service.impl.ImageServiceImpl - ImageServiceImpl : ->getById
2023-12-05 20:15:33.302 [http-nio-8080-exec-1] INFO  r.s.h.service.impl.ImageServiceImpl - ImageServiceImpl : <- getById
2023-12-05 20:15:33.315 [http-nio-8080-exec-2] INFO  r.s.h.service.impl.ImageServiceImpl - ImageServiceImpl : ->getById
2023-12-05 20:15:33.316 [http-nio-8080-exec-2] INFO  r.s.h.service.impl.ImageServiceImpl - ImageServiceImpl : <- getById
2023-12-05 20:15:34.410 [http-nio-8080-exec-10] INFO  r.s.h.service.impl.ImageServiceImpl - ImageServiceImpl : ->getById
2023-12-05 20:15:34.410 [http-nio-8080-exec-7] INFO  r.s.h.service.impl.ImageServiceImpl - ImageServiceImpl : ->getById
2023-12-05 20:15:34.410 [http-nio-8080-exec-3] INFO  r.s.h.service.impl.ImageServiceImpl - ImageServiceImpl : ->getById
2023-12-05 20:15:34.411 [http-nio-8080-exec-9] INFO  r.s.h.service.impl.ImageServiceImpl - ImageServiceImpl : ->getById
2023-12-05 20:15:34.411 [http-nio-8080-exec-7] INFO  r.s.h.service.impl.ImageServiceImpl - ImageServiceImpl : <- getById
2023-12-05 20:15:34.412 [http-nio-8080-exec-9] INFO  r.s.h.service.impl.ImageServiceImpl - ImageServiceImpl : <- getById
2023-12-05 20:15:34.412 [http-nio-8080-exec-10] INFO  r.s.h.service.impl.ImageServiceImpl - ImageServiceImpl : <- getById
2023-12-05 20:15:34.416 [http-nio-8080-exec-3] INFO  r.s.h.service.impl.ImageServiceImpl - ImageServiceImpl : <- getById
2023-12-05 20:15:34.472 [http-nio-8080-exec-5] INFO  r.s.h.service.impl.ImageServiceImpl - ImageServiceImpl : ->getById
2023-12-05 20:15:34.475 [http-nio-8080-exec-5] INFO  r.s.h.service.impl.ImageServiceImpl - ImageServiceImpl : <- getById
2023-12-05 20:15:34.548 [http-nio-8080-exec-8] INFO  r.s.h.service.impl.ImageServiceImpl - ImageServiceImpl : ->getById
2023-12-05 20:15:34.550 [http-nio-8080-exec-8] INFO  r.s.h.service.impl.ImageServiceImpl - ImageServiceImpl : <- getById
2023-12-05 20:15:36.235 [http-nio-8080-exec-7] INFO  r.s.h.service.impl.ImageServiceImpl - ImageServiceImpl : ->getById
2023-12-05 20:15:36.236 [http-nio-8080-exec-7] INFO  r.s.h.service.impl.ImageServiceImpl - ImageServiceImpl : <- getById
2023-12-05 20:15:47.706 [http-nio-8080-exec-10] INFO  r.s.h.service.impl.ImageServiceImpl - ImageServiceImpl : ->saveToDb
2023-12-05 20:15:47.712 [http-nio-8080-exec-10] INFO  r.s.h.service.impl.ImageServiceImpl - ImageServiceImpl : <- saveToDo
2023-12-05 20:15:48.963 [http-nio-8080-exec-2] INFO  r.s.h.service.impl.ImageServiceImpl - ImageServiceImpl : ->getById
2023-12-05 20:15:48.964 [http-nio-8080-exec-2] INFO  r.s.h.service.impl.ImageServiceImpl - ImageServiceImpl : <- getById
2023-12-05 20:16:13.123 [http-nio-8080-exec-1] INFO  r.s.h.service.impl.ImageServiceImpl - ImageServiceImpl : ->getById
2023-12-05 20:16:13.123 [http-nio-8080-exec-10] INFO  r.s.h.service.impl.ImageServiceImpl - ImageServiceImpl : ->getById
2023-12-05 20:16:13.123 [http-nio-8080-exec-9] INFO  r.s.h.service.impl.ImageServiceImpl - ImageServiceImpl : ->getById
2023-12-05 20:16:13.123 [http-nio-8080-exec-6] INFO  r.s.h.service.impl.ImageServiceImpl - ImageServiceImpl : ->getById
2023-12-05 20:16:13.124 [http-nio-8080-exec-1] INFO  r.s.h.service.impl.ImageServiceImpl - ImageServiceImpl : <- getById
2023-12-05 20:16:13.124 [http-nio-8080-exec-9] INFO  r.s.h.service.impl.ImageServiceImpl - ImageServiceImpl : <- getById
2023-12-05 20:16:13.124 [http-nio-8080-exec-10] INFO  r.s.h.service.impl.ImageServiceImpl - ImageServiceImpl : <- getById
2023-12-05 20:16:13.128 [http-nio-8080-exec-6] INFO  r.s.h.service.impl.ImageServiceImpl - ImageServiceImpl : <- getById
2023-12-05 20:16:13.185 [http-nio-8080-exec-7] INFO  r.s.h.service.impl.ImageServiceImpl - ImageServiceImpl : ->getById
2023-12-05 20:16:13.187 [http-nio-8080-exec-7] INFO  r.s.h.service.impl.ImageServiceImpl - ImageServiceImpl : <- getById
2023-12-05 20:16:13.259 [http-nio-8080-exec-8] INFO  r.s.h.service.impl.ImageServiceImpl - ImageServiceImpl : ->getById
2023-12-05 20:16:13.261 [http-nio-8080-exec-8] INFO  r.s.h.service.impl.ImageServiceImpl - ImageServiceImpl : <- getById
2023-12-05 20:18:08.759 [http-nio-8080-exec-3] INFO  r.s.h.service.impl.ImageServiceImpl - ImageServiceImpl : ->getById
2023-12-05 20:18:08.759 [http-nio-8080-exec-9] INFO  r.s.h.service.impl.ImageServiceImpl - ImageServiceImpl : ->getById
2023-12-05 20:18:08.759 [http-nio-8080-exec-4] INFO  r.s.h.service.impl.ImageServiceImpl - ImageServiceImpl : ->getById
2023-12-05 20:18:08.759 [http-nio-8080-exec-7] INFO  r.s.h.service.impl.ImageServiceImpl - ImageServiceImpl : ->getById
2023-12-05 20:18:08.760 [http-nio-8080-exec-4] INFO  r.s.h.service.impl.ImageServiceImpl - ImageServiceImpl : <- getById
2023-12-05 20:18:08.760 [http-nio-8080-exec-7] INFO  r.s.h.service.impl.ImageServiceImpl - ImageServiceImpl : <- getById
2023-12-05 20:18:08.760 [http-nio-8080-exec-9] INFO  r.s.h.service.impl.ImageServiceImpl - ImageServiceImpl : <- getById
2023-12-05 20:18:08.764 [http-nio-8080-exec-3] INFO  r.s.h.service.impl.ImageServiceImpl - ImageServiceImpl : <- getById
2023-12-05 20:18:08.821 [http-nio-8080-exec-2] INFO  r.s.h.service.impl.ImageServiceImpl - ImageServiceImpl : ->getById
2023-12-05 20:18:08.823 [http-nio-8080-exec-2] INFO  r.s.h.service.impl.ImageServiceImpl - ImageServiceImpl : <- getById
2023-12-05 20:18:08.895 [http-nio-8080-exec-1] INFO  r.s.h.service.impl.ImageServiceImpl - ImageServiceImpl : ->getById
2023-12-05 20:18:08.897 [http-nio-8080-exec-1] INFO  r.s.h.service.impl.ImageServiceImpl - ImageServiceImpl : <- getById
2023-12-05 20:18:24.319 [http-nio-8080-exec-5] INFO  r.s.h.service.impl.ImageServiceImpl - ImageServiceImpl : ->getById
2023-12-05 20:18:24.319 [http-nio-8080-exec-7] INFO  r.s.h.service.impl.ImageServiceImpl - ImageServiceImpl : ->getById
2023-12-05 20:18:24.319 [http-nio-8080-exec-4] INFO  r.s.h.service.impl.ImageServiceImpl - ImageServiceImpl : ->getById
2023-12-05 20:18:24.319 [http-nio-8080-exec-8] INFO  r.s.h.service.impl.ImageServiceImpl - ImageServiceImpl : ->getById
2023-12-05 20:18:24.319 [http-nio-8080-exec-8] INFO  r.s.h.service.impl.ImageServiceImpl - ImageServiceImpl : <- getById
2023-12-05 20:18:24.319 [http-nio-8080-exec-5] INFO  r.s.h.service.impl.ImageServiceImpl - ImageServiceImpl : <- getById
2023-12-05 20:18:24.320 [http-nio-8080-exec-7] INFO  r.s.h.service.impl.ImageServiceImpl - ImageServiceImpl : <- getById
2023-12-05 20:18:24.322 [http-nio-8080-exec-4] INFO  r.s.h.service.impl.ImageServiceImpl - ImageServiceImpl : <- getById
2023-12-05 20:19:34.045 [http-nio-8080-exec-3] INFO  r.s.h.service.impl.AuthServiceImpl - AuthServiceImpl:-> register
2023-12-05 20:19:56.015 [http-nio-8080-exec-10] INFO  r.s.h.service.impl.ImageServiceImpl - ImageServiceImpl : ->getById
2023-12-05 20:19:56.015 [http-nio-8080-exec-2] INFO  r.s.h.service.impl.ImageServiceImpl - ImageServiceImpl : ->getById
2023-12-05 20:19:56.015 [http-nio-8080-exec-3] INFO  r.s.h.service.impl.ImageServiceImpl - ImageServiceImpl : ->getById
2023-12-05 20:19:56.016 [http-nio-8080-exec-6] INFO  r.s.h.service.impl.ImageServiceImpl - ImageServiceImpl : ->getById
2023-12-05 20:19:56.016 [http-nio-8080-exec-2] INFO  r.s.h.service.impl.ImageServiceImpl - ImageServiceImpl : <- getById
2023-12-05 20:19:56.016 [http-nio-8080-exec-10] INFO  r.s.h.service.impl.ImageServiceImpl - ImageServiceImpl : <- getById
2023-12-05 20:19:56.017 [http-nio-8080-exec-3] INFO  r.s.h.service.impl.ImageServiceImpl - ImageServiceImpl : <- getById
2023-12-05 20:19:56.017 [http-nio-8080-exec-6] INFO  r.s.h.service.impl.ImageServiceImpl - ImageServiceImpl : <- getById
2023-12-05 20:20:02.837 [http-nio-8080-exec-4] INFO  r.s.h.service.impl.ImageServiceImpl - ImageServiceImpl : ->getById
2023-12-05 20:20:02.837 [http-nio-8080-exec-9] INFO  r.s.h.service.impl.ImageServiceImpl - ImageServiceImpl : ->getById
2023-12-05 20:20:02.837 [http-nio-8080-exec-7] INFO  r.s.h.service.impl.ImageServiceImpl - ImageServiceImpl : ->getById
2023-12-05 20:20:02.837 [http-nio-8080-exec-1] INFO  r.s.h.service.impl.ImageServiceImpl - ImageServiceImpl : ->getById
2023-12-05 20:20:02.838 [http-nio-8080-exec-1] INFO  r.s.h.service.impl.ImageServiceImpl - ImageServiceImpl : <- getById
2023-12-05 20:20:02.838 [http-nio-8080-exec-9] INFO  r.s.h.service.impl.ImageServiceImpl - ImageServiceImpl : <- getById
2023-12-05 20:20:02.838 [http-nio-8080-exec-7] INFO  r.s.h.service.impl.ImageServiceImpl - ImageServiceImpl : <- getById
2023-12-05 20:20:02.839 [http-nio-8080-exec-4] INFO  r.s.h.service.impl.ImageServiceImpl - ImageServiceImpl : <- getById
2023-12-05 20:20:04.975 [http-nio-8080-exec-3] INFO  r.s.h.service.impl.ImageServiceImpl - ImageServiceImpl : ->getById
2023-12-05 20:20:04.976 [http-nio-8080-exec-3] INFO  r.s.h.service.impl.ImageServiceImpl - ImageServiceImpl : <- getById
2023-12-05 20:20:04.989 [http-nio-8080-exec-6] INFO  r.s.h.service.impl.ImageServiceImpl - ImageServiceImpl : ->getById
2023-12-05 20:20:04.989 [http-nio-8080-exec-6] INFO  r.s.h.service.impl.ImageServiceImpl - ImageServiceImpl : <- getById
2023-12-05 20:20:15.355 [http-nio-8080-exec-9] INFO  r.s.h.service.impl.ImageServiceImpl - ImageServiceImpl : ->getById
2023-12-05 20:20:15.356 [http-nio-8080-exec-9] INFO  r.s.h.service.impl.ImageServiceImpl - ImageServiceImpl : <- getById
2023-12-05 20:20:25.018 [http-nio-8080-exec-10] INFO  r.s.h.service.impl.ImageServiceImpl - ImageServiceImpl : ->getById
2023-12-05 20:20:25.019 [http-nio-8080-exec-10] INFO  r.s.h.service.impl.ImageServiceImpl - ImageServiceImpl : <- getById
2023-12-05 20:20:25.024 [http-nio-8080-exec-3] INFO  r.s.h.service.impl.ImageServiceImpl - ImageServiceImpl : ->getById
2023-12-05 20:20:25.025 [http-nio-8080-exec-3] INFO  r.s.h.service.impl.ImageServiceImpl - ImageServiceImpl : <- getById
2023-12-05 20:20:49.478 [http-nio-8080-exec-9] INFO  r.s.h.service.impl.ImageServiceImpl - ImageServiceImpl : ->getById
2023-12-05 20:20:49.478 [http-nio-8080-exec-6] INFO  r.s.h.service.impl.ImageServiceImpl - ImageServiceImpl : ->getById
2023-12-05 20:20:49.478 [http-nio-8080-exec-1] INFO  r.s.h.service.impl.ImageServiceImpl - ImageServiceImpl : ->getById
2023-12-05 20:20:49.478 [http-nio-8080-exec-5] INFO  r.s.h.service.impl.ImageServiceImpl - ImageServiceImpl : ->getById
2023-12-05 20:20:49.480 [http-nio-8080-exec-5] INFO  r.s.h.service.impl.ImageServiceImpl - ImageServiceImpl : <- getById
2023-12-05 20:20:49.480 [http-nio-8080-exec-1] INFO  r.s.h.service.impl.ImageServiceImpl - ImageServiceImpl : <- getById
2023-12-05 20:20:49.480 [http-nio-8080-exec-6] INFO  r.s.h.service.impl.ImageServiceImpl - ImageServiceImpl : <- getById
2023-12-05 20:20:49.482 [http-nio-8080-exec-9] INFO  r.s.h.service.impl.ImageServiceImpl - ImageServiceImpl : <- getById
2023-12-05 20:20:52.832 [http-nio-8080-exec-7] INFO  r.s.h.service.impl.ImageServiceImpl - ImageServiceImpl : ->getById
2023-12-05 20:20:52.833 [http-nio-8080-exec-7] INFO  r.s.h.service.impl.ImageServiceImpl - ImageServiceImpl : <- getById
2023-12-05 20:28:26.642 [SpringApplicationShutdownHook] INFO  o.s.o.j.LocalContainerEntityManagerFactoryBean - Closing JPA EntityManagerFactory for persistence unit 'default'
2023-12-05 20:28:26.643 [SpringApplicationShutdownHook] INFO  com.zaxxer.hikari.HikariDataSource - HikariPool-1 - Shutdown initiated...
2023-12-05 20:28:26.646 [SpringApplicationShutdownHook] INFO  com.zaxxer.hikari.HikariDataSource - HikariPool-1 - Shutdown completed.
2023-12-05 20:31:40.987 [main] INFO  r.s.homework.HomeworkApplication - Starting HomeworkApplication using Java 17.0.6 on WIN-9V2GMDF0D7M with PID 12536 (C:\Users\user\IdeaProjects\Shop\example-for-graduate-work-main\target\classes started by user in C:\Users\user\IdeaProjects\Shop)
2023-12-05 20:31:40.988 [main] INFO  r.s.homework.HomeworkApplication - No active profile set, falling back to 1 default profile: "default"
2023-12-05 20:31:41.435 [main] INFO  o.s.d.r.c.RepositoryConfigurationDelegate - Bootstrapping Spring Data JPA repositories in DEFAULT mode.
2023-12-05 20:31:41.480 [main] INFO  o.s.d.r.c.RepositoryConfigurationDelegate - Finished Spring Data repository scanning in 38 ms. Found 4 JPA repository interfaces.
2023-12-05 20:31:41.809 [main] INFO  o.s.b.w.e.tomcat.TomcatWebServer - Tomcat initialized with port(s): 8080 (http)
2023-12-05 20:31:41.813 [main] INFO  o.a.coyote.http11.Http11NioProtocol - Initializing ProtocolHandler ["http-nio-8080"]
2023-12-05 20:31:41.814 [main] INFO  o.a.catalina.core.StandardService - Starting service [Tomcat]
2023-12-05 20:31:41.814 [main] INFO  o.a.catalina.core.StandardEngine - Starting Servlet engine: [Apache Tomcat/9.0.79]
2023-12-05 20:31:41.886 [main] INFO  o.a.c.c.C.[Tomcat].[localhost].[/] - Initializing Spring embedded WebApplicationContext
2023-12-05 20:31:41.886 [main] INFO  o.s.b.w.s.c.ServletWebServerApplicationContext - Root WebApplicationContext: initialization completed in 870 ms
2023-12-05 20:31:41.977 [main] INFO  o.f.c.i.license.VersionPrinter - Flyway Community Edition 8.5.13 by Redgate
2023-12-05 20:31:41.978 [main] INFO  o.f.c.i.license.VersionPrinter - See what's new here: https://flywaydb.org/documentation/learnmore/releaseNotes#8.5.13
2023-12-05 20:31:41.978 [main] INFO  o.f.c.i.license.VersionPrinter - 
2023-12-05 20:31:42.083 [main] INFO  o.f.c.i.d.base.BaseDatabaseType - Database: jdbc:postgresql://localhost:5432/shop.db (PostgreSQL 15.3)
2023-12-05 20:31:42.088 [main] WARN  o.f.c.i.database.base.Database - Flyway upgrade recommended: PostgreSQL 15.3 is newer than this version of Flyway and support has not been tested. The latest supported version of PostgreSQL is 14.
2023-12-05 20:31:42.101 [main] INFO  o.f.core.internal.command.DbValidate - Successfully validated 0 migrations (execution time 00:00.007s)
2023-12-05 20:31:42.101 [main] WARN  o.f.core.internal.command.DbValidate - No migrations found. Are your locations set up correctly?
2023-12-05 20:31:42.105 [main] INFO  o.f.core.internal.command.DbMigrate - Current version of schema "public": << Empty Schema >>
2023-12-05 20:31:42.106 [main] INFO  o.f.core.internal.command.DbMigrate - Schema "public" is up to date. No migration necessary.
2023-12-05 20:31:42.165 [main] INFO  o.h.jpa.internal.util.LogHelper - HHH000204: Processing PersistenceUnitInfo [name: default]
2023-12-05 20:31:42.198 [main] INFO  org.hibernate.Version - HHH000412: Hibernate ORM core version 5.6.15.Final
2023-12-05 20:31:42.301 [main] INFO  o.h.annotations.common.Version - HCANN000001: Hibernate Commons Annotations {5.1.2.Final}
2023-12-05 20:31:42.365 [main] INFO  com.zaxxer.hikari.HikariDataSource - HikariPool-1 - Starting...
2023-12-05 20:31:42.406 [main] INFO  com.zaxxer.hikari.HikariDataSource - HikariPool-1 - Start completed.
2023-12-05 20:31:42.425 [main] INFO  org.hibernate.dialect.Dialect - HHH000400: Using dialect: org.hibernate.dialect.PostgreSQL10Dialect
2023-12-05 20:31:42.884 [main] INFO  o.h.e.t.j.p.i.JtaPlatformInitiator - HHH000490: Using JtaPlatform implementation: [org.hibernate.engine.transaction.jta.platform.internal.NoJtaPlatform]
2023-12-05 20:31:42.892 [main] INFO  o.s.o.j.LocalContainerEntityManagerFactoryBean - Initialized JPA EntityManagerFactory for persistence unit 'default'
2023-12-05 20:31:43.326 [main] WARN  o.s.b.a.o.j.JpaBaseConfiguration$JpaWebConfiguration - spring.jpa.open-in-view is enabled by default. Therefore, database queries may be performed during view rendering. Explicitly configure spring.jpa.open-in-view to disable this warning
2023-12-05 20:31:43.636 [main] INFO  o.s.s.web.DefaultSecurityFilterChain - Will secure any request with [org.springframework.security.web.session.DisableEncodeUrlFilter@43c3354, org.springframework.security.web.context.request.async.WebAsyncManagerIntegrationFilter@260fffec, org.springframework.security.web.context.SecurityContextPersistenceFilter@610d0067, org.springframework.security.web.header.HeaderWriterFilter@8cce9ad, org.springframework.web.filter.CorsFilter@743f58c3, org.springframework.security.web.authentication.logout.LogoutFilter@16e0afab, org.springframework.security.web.authentication.www.BasicAuthenticationFilter@50fe5df2, org.springframework.security.web.savedrequest.RequestCacheAwareFilter@7a1878d, org.springframework.security.web.servletapi.SecurityContextHolderAwareRequestFilter@5325674a, org.springframework.security.web.authentication.AnonymousAuthenticationFilter@4d359c69, org.springframework.security.web.session.SessionManagementFilter@6a8ab98f, org.springframework.security.web.access.ExceptionTranslationFilter@9771c71, org.springframework.security.web.access.intercept.AuthorizationFilter@129348e8]
2023-12-05 20:31:43.779 [main] INFO  o.a.coyote.http11.Http11NioProtocol - Starting ProtocolHandler ["http-nio-8080"]
2023-12-05 20:31:43.792 [main] INFO  o.s.b.w.e.tomcat.TomcatWebServer - Tomcat started on port(s): 8080 (http) with context path ''
2023-12-05 20:31:43.799 [main] INFO  r.s.homework.HomeworkApplication - Started HomeworkApplication in 3.082 seconds (JVM running for 3.444)
2023-12-05 20:31:47.232 [http-nio-8080-exec-5] INFO  o.a.c.c.C.[Tomcat].[localhost].[/] - Initializing Spring DispatcherServlet 'dispatcherServlet'
2023-12-05 20:31:47.232 [http-nio-8080-exec-5] INFO  o.s.web.servlet.DispatcherServlet - Initializing Servlet 'dispatcherServlet'
2023-12-05 20:31:47.234 [http-nio-8080-exec-5] INFO  o.s.web.servlet.DispatcherServlet - Completed initialization in 1 ms
2023-12-05 20:31:48.020 [http-nio-8080-exec-8] INFO  r.s.h.service.impl.ImageServiceImpl - ImageServiceImpl : ->getById
2023-12-05 20:31:48.022 [http-nio-8080-exec-8] INFO  r.s.h.service.impl.ImageServiceImpl - ImageServiceImpl : <- getById
2023-12-05 20:32:02.277 [http-nio-8080-exec-6] INFO  r.s.h.service.impl.ImageServiceImpl - ImageServiceImpl : ->saveToDb
2023-12-05 20:32:02.282 [http-nio-8080-exec-6] INFO  r.s.h.service.impl.ImageServiceImpl - ImageServiceImpl : <- saveToDo
2023-12-05 20:32:02.920 [http-nio-8080-exec-3] INFO  r.s.h.service.impl.ImageServiceImpl - ImageServiceImpl : ->getById
2023-12-05 20:32:02.922 [http-nio-8080-exec-3] INFO  r.s.h.service.impl.ImageServiceImpl - ImageServiceImpl : <- getById
2023-12-05 20:32:02.994 [http-nio-8080-exec-2] INFO  r.s.h.service.impl.ImageServiceImpl - ImageServiceImpl : ->getById
2023-12-05 20:32:02.997 [http-nio-8080-exec-2] INFO  r.s.h.service.impl.ImageServiceImpl - ImageServiceImpl : <- getById
2023-12-05 20:32:20.494 [SpringApplicationShutdownHook] INFO  o.s.o.j.LocalContainerEntityManagerFactoryBean - Closing JPA EntityManagerFactory for persistence unit 'default'
2023-12-05 20:32:20.494 [SpringApplicationShutdownHook] INFO  com.zaxxer.hikari.HikariDataSource - HikariPool-1 - Shutdown initiated...
2023-12-05 20:32:20.496 [SpringApplicationShutdownHook] INFO  com.zaxxer.hikari.HikariDataSource - HikariPool-1 - Shutdown completed.
